<?xml version="1.0" encoding="UTF-8"?>
<!-- Generated by org.testng.reporters.JUnitReportReporter -->
<testsuite hostname="DESKTOP-KJC6B92" failures="0" tests="2" name="pack1.TestClass3" time="0.013" errors="0" timestamp="2024-09-14T10:59:25 IST" skipped="0">
  <testcase classname="pack1.TestClass3" name="TestCase4" time="0.009"/>
  <system-out/>
  <testcase classname="pack1.TestClass3" name="TestCase5" time="0.004"/>
  <system-out/>
</testsuite> <!-- pack1.TestClass3 -->
