<?xml version="1.0" encoding="UTF-8"?>
<!-- Generated by org.testng.reporters.JUnitReportReporter -->
<testsuite hostname="DESKTOP-KJC6B92" failures="0" tests="1" name="pack1.TestClass4" time="0.011" errors="0" timestamp="2024-09-15T10:46:12 IST" skipped="0">
  <testcase classname="pack1.TestClass4" name="TestCase5" time="0.011"/>
  <system-out/>
</testsuite> <!-- pack1.TestClass4 -->
