<?xml version="1.0" encoding="UTF-8"?>
<!-- Generated by org.testng.reporters.JUnitReportReporter -->
<testsuite hostname="DESKTOP-KJC6B92" failures="0" tests="1" name="pack1.ListenerTest" time="0.012" errors="0" timestamp="2024-09-21T10:59:59 IST" skipped="0">
  <testcase classname="pack1.ListenerTest" name="TestCase1" time="0.012"/>
  <system-out/>
</testsuite> <!-- pack1.ListenerTest -->
