<?xml version="1.0" encoding="UTF-8"?>
<!-- Generated by org.testng.reporters.JUnitReportReporter -->
<testsuite hostname="DESKTOP-KJC6B92" failures="0" tests="1" name="pack1.LoginSelenium" time="23.347" errors="0" timestamp="2024-09-21T10:20:28 IST" skipped="0">
  <testcase classname="pack1.LoginSelenium" name="changePassword" time="23.347"/>
  <system-out/>
</testsuite> <!-- pack1.LoginSelenium -->
