<?xml version="1.0" encoding="UTF-8"?>
<!-- Generated by org.testng.reporters.JUnitReportReporter -->
<testsuite hostname="DESKTOP-KJC6B92" failures="0" tests="3" name="pack1.TestClass2" time="0.024" errors="0" timestamp="2024-09-14T10:59:25 IST" skipped="0">
  <testcase classname="pack1.TestClass2" name="TestCase2" time="0.007"/>
  <system-out/>
  <testcase classname="pack1.TestClass2" name="TestCase1" time="0.002"/>
  <system-out/>
  <testcase classname="pack1.TestClass2" name="TestCase3" time="0.015"/>
  <system-out/>
</testsuite> <!-- pack1.TestClass2 -->
