<?xml version="1.0" encoding="UTF-8"?>
<!-- Generated by org.testng.reporters.JUnitReportReporter -->
<testsuite hostname="DESKTOP-KJC6B92" failures="0" tests="3" name="pack1.TestClass1" time="0.002" errors="0" timestamp="2024-09-14T10:59:25 IST" skipped="1">
  <testcase classname="pack1.TestClass1" name="m2" time="0.001"/>
  <system-out/>
  <testcase classname="pack1.TestClass1" name="a1" time="0.001"/>
  <system-out/>
  <testcase classname="pack1.TestClass1" name="b4">
    <skipped/>
  </testcase> <!-- b4 -->
  <system-out/>
</testsuite> <!-- pack1.TestClass1 -->
