<?xml version="1.0" encoding="UTF-8"?>
<!-- Generated by org.testng.reporters.JUnitReportReporter -->
<testsuite hostname="DESKTOP-KJC6B92" failures="0" tests="1" name="testSuites.LoginTestSuite" time="2.213" errors="0" timestamp="2024-09-22T10:33:21 IST" skipped="0">
  <testcase classname="testSuites.LoginTestSuite" name="tc_123_LoginTest" time="2.213"/>
  <system-out/>
</testsuite> <!-- testSuites.LoginTestSuite -->
