<?xml version="1.0" encoding="UTF-8"?>
<!-- Generated by org.testng.reporters.JUnitReportReporter -->
<testsuite hostname="DESKTOP-KJC6B92" failures="0" tests="1" name="testSuites.ChangePasswordTestSuite" time="12.997" errors="0" timestamp="2024-09-22T11:01:49 IST" skipped="0">
  <testcase classname="testSuites.ChangePasswordTestSuite" name="tc123_ChnagePasswordTest" time="12.997"/>
  <system-out/>
</testsuite> <!-- testSuites.ChangePasswordTestSuite -->
