<?xml version="1.0" encoding="UTF-8"?>
<!-- Generated by org.testng.reporters.JUnitReportReporter -->
<testsuite hostname="DESKTOP-KJC6B92" failures="0" tests="1" name="testSuites.ChangePasswordTestSuite" time="9.114" errors="0" timestamp="2024-10-06T10:02:07 IST" skipped="0">
  <testcase classname="testSuites.ChangePasswordTestSuite" name="tc123_ChnagePasswordTest" time="9.114"/>
  <system-out/>
</testsuite> <!-- testSuites.ChangePasswordTestSuite -->
