<?xml version="1.0" encoding="UTF-8"?>
<!-- Generated by org.testng.reporters.JUnitReportReporter -->
<testsuite hostname="DESKTOP-KJC6B92" failures="0" tests="1" name="testRunnerPack.TestRunner" time="24.567" errors="0" timestamp="2024-10-13T10:49:56 IST" skipped="0">
  <testcase classname="testRunnerPack.TestRunner" name="runScenario" time="24.567"/>
  <system-out/>
</testsuite> <!-- testRunnerPack.TestRunner -->
